<?xml version="1.0" encoding="UTF-8"?>
<!-- Generated by org.testng.reporters.JUnitReportReporter -->
<testsuite hostname="Vignesh-pc" failures="0" tests="2" name="selenium.Annotations" time="2.202" errors="0" timestamp="2024-03-25T10:54:03 IST" skipped="0">
  <testcase classname="selenium.Annotations" name="login" time="2.052"/>
  <testcase classname="selenium.Annotations" name="tearDown" time="0.150"/>
</testsuite> <!-- selenium.Annotations -->
