<?xml version="1.0" encoding="UTF-8"?>
<!-- Generated by org.testng.reporters.JUnitReportReporter -->
<testsuite hostname="Vignesh-pc" failures="0" tests="1" name="selenium.Dummy" time="9.080" errors="0" timestamp="2024-04-10T19:29:38 IST" skipped="0">
  <testcase classname="selenium.Dummy" name="launch" time="9.080"/>
</testsuite> <!-- selenium.Dummy -->
