<?xml version="1.0" encoding="UTF-8"?>
<!-- Generated by org.testng.reporters.JUnitReportReporter -->
<testsuite hostname="Vignesh-pc" failures="0" tests="2" name="selenium.TestNgPractice" time="9.949" errors="0" timestamp="2024-03-26T19:41:52 IST" skipped="1">
  <testcase classname="selenium.TestNgPractice" name="welcome" time="9.949"/>
  <testcase classname="selenium.TestNgPractice" name="namasthy">
    <skipped/>
  </testcase> <!-- namasthy -->
</testsuite> <!-- selenium.TestNgPractice -->
