<?xml version="1.0" encoding="UTF-8"?>
<!-- Generated by org.testng.reporters.JUnitReportReporter -->
<testsuite hostname="Vignesh-pc" failures="0" tests="2" name="selenium.BaseClass" time="1.864" errors="0" timestamp="2024-03-25T11:12:58 IST" skipped="0">
  <testcase classname="selenium.BaseClass" name="login" time="1.245"/>
  <testcase classname="selenium.BaseClass" name="openswas" time="0.619"/>
</testsuite> <!-- selenium.BaseClass -->
