<?xml version="1.0" encoding="UTF-8"?>
<!-- Generated by org.testng.reporters.JUnitReportReporter -->
<testsuite hostname="Vignesh-pc" failures="0" tests="2" name="selenium.Waits" time="20.396" errors="0" timestamp="2024-04-03T12:13:44 IST" skipped="0">
  <testcase classname="selenium.Waits" name="explicit" time="9.562"/>
  <testcase classname="selenium.Waits" name="explicitWait1" time="10.834"/>
</testsuite> <!-- selenium.Waits -->
