<?xml version="1.0" encoding="UTF-8"?>
<!-- Generated by org.testng.reporters.JUnitReportReporter -->
<testsuite hostname="Vignesh-pc" failures="0" tests="1" name="selenium.Webtable" time="0.010" errors="0" timestamp="2024-03-27T15:45:16 IST" skipped="0">
  <testcase classname="selenium.Webtable" name="dynamicTable" time="0.010"/>
</testsuite> <!-- selenium.Webtable -->
