<?xml version="1.0" encoding="UTF-8"?>
<!-- Generated by org.testng.reporters.JUnitReportReporter -->
<testsuite hostname="Vignesh-pc" failures="0" tests="2" name="selenium.ExtentReportDemo" time="1.687" errors="0" timestamp="2024-03-28T17:24:52 IST" skipped="0">
  <testcase classname="selenium.ExtentReportDemo" name="navigateToUrl" time="1.134"/>
  <testcase classname="selenium.ExtentReportDemo" name="report" time="0.553"/>
</testsuite> <!-- selenium.ExtentReportDemo -->
