<?xml version="1.0" encoding="UTF-8"?>
<!-- Generated by org.testng.reporters.JUnitReportReporter -->
<testsuite hostname="Vignesh-pc" failures="0" tests="2" name="hyrTestng.DatadrivenTechnique" time="31.419" errors="0" timestamp="2024-04-12T17:44:48 IST" skipped="0">
  <testcase classname="hyrTestng.DatadrivenTechnique" name="datadriven" time="16.137"/>
  <testcase classname="hyrTestng.DatadrivenTechnique" name="datadriven" time="15.282"/>
</testsuite> <!-- hyrTestng.DatadrivenTechnique -->
