<?xml version="1.0" encoding="UTF-8"?>
<!-- Generated by org.testng.reporters.JUnitReportReporter -->
<testsuite hostname="Vignesh-pc" failures="0" tests="1" name="hyrTestng.ParallelExecution" time="7.545" errors="0" timestamp="2024-04-12T21:05:33 IST" skipped="0">
  <testcase classname="hyrTestng.ParallelExecution" name="browserSetup" time="7.545"/>
</testsuite> <!-- hyrTestng.ParallelExecution -->
