<?xml version="1.0" encoding="UTF-8"?>
<!-- Generated by org.testng.reporters.JUnitReportReporter -->
<testsuite hostname="Vignesh-pc" failures="0" tests="1" name="hyrTestng.DataDriven" time="0.568" errors="0" timestamp="2024-04-12T14:49:04 IST" skipped="0">
  <testcase classname="hyrTestng.DataDriven" name="excelData" time="0.568"/>
</testsuite> <!-- hyrTestng.DataDriven -->
