<?xml version="1.0" encoding="UTF-8"?>
<!-- Generated by org.testng.reporters.JUnitReportReporter -->
<testsuite hostname="Vignesh-pc" failures="0" tests="2" name="hyrTestng.TestngBasicPractice" time="32.309" errors="0" timestamp="2024-04-12T18:28:53 IST" skipped="0">
  <testcase classname="hyrTestng.TestngBasicPractice" name="datadriven" time="17.661"/>
  <testcase classname="hyrTestng.TestngBasicPractice" name="datadriven" time="14.648"/>
</testsuite> <!-- hyrTestng.TestngBasicPractice -->
